<?xml version="1.0" encoding="UTF-8"?>
<!-- Generated by org.testng.reporters.JUnitReportReporter -->
<testsuite skipped="0" hostname="LAPTOP-2MQ3OOSC" name="Test.TestDownload" tests="1" failures="0" timestamp="18 Mar 2019 20:46:59 GMT" time="0.878" errors="0">
  <testcase name="downloadTitles" time="0.878" classname="Test.TestDownload"/>
</testsuite> <!-- Test.TestDownload -->
